Sat Mar 23 13:07:39 2019 [13077][1][FATAL] SECURITY: User authentication for admin failed
Sat Mar 23 13:07:39 2019 [13077][1][FATAL] FAILED LOGIN:attempts[8] - admin
Tue Mar 26 18:48:32 2019 [15989][-none-][FATAL] SECURITY: User authentication for admin failed
Tue Mar 26 18:48:32 2019 [15989][-none-][FATAL] FAILED LOGIN:attempts[1] - admin
Wed Mar 27 21:53:36 2019 [29990][1][FATAL] SugarPHPMailer encountered an error: Invalid address:  (addAnAddress to): 
Wed Mar 27 21:53:36 2019 [29990][1][FATAL] SugarPHPMailer encountered an error: You must provide at least one recipient email address.
Thu Mar 28 11:08:24 2019 [8202][1][FATAL] Exception in Controller: There is no action by that name.
Thu Mar 28 11:35:45 2019 [970][1][FATAL] Exception in Controller: There is no action by that name.
Thu Mar 28 11:38:11 2019 [8763][1][FATAL] Exception in Controller: There is no action by that name.
Thu Mar 28 11:40:04 2019 [8482][1][FATAL] Exception in Controller: There is no action by that name.
Thu Mar 28 11:41:05 2019 [8260][1][FATAL] Exception in Controller: There is no action by that name.
Thu Mar 28 11:41:46 2019 [8482][1][FATAL] Exception in Controller: There is no action by that name.
Fri Mar 29 11:39:08 2019 [10999][1][FATAL] Echo called with request:
Fri Mar 29 11:39:26 2019 [10637][1][FATAL] Echo called with request:
Fri Mar 29 14:14:01 2019 [25119][1][FATAL] Echo called with request:
Fri Mar 29 14:15:02 2019 [25126][1][FATAL] Echo called with request:
Fri Mar 29 14:16:01 2019 [25133][1][FATAL] Echo called with request:
Fri Mar 29 14:17:01 2019 [25142][1][FATAL] Echo called with request:
Fri Mar 29 14:18:02 2019 [25149][1][FATAL] Echo called with request:
Fri Mar 29 14:19:01 2019 [25156][1][FATAL] Echo called with request:
Fri Mar 29 14:20:02 2019 [25164][1][FATAL] Echo called with request:
Fri Mar 29 14:21:01 2019 [25171][1][FATAL] Echo called with request:
Fri Mar 29 14:22:02 2019 [25181][1][FATAL] Echo called with request:
Fri Mar 29 14:23:01 2019 [25187][1][FATAL] Custom Scheduler Called
Sat Mar 30 14:16:01 2019 [13730][1][FATAL] Custom Scheduler Called
Sat Mar 30 14:17:02 2019 [13743][1][FATAL] Custom Scheduler Called
Sat Mar 30 14:18:01 2019 [13844][1][FATAL] Custom Scheduler Called
Sat Mar 30 14:19:01 2019 [13853][1][FATAL] Custom Scheduler Called
Sat Mar 30 14:20:02 2019 [13860][1][FATAL] Custom Scheduler Called
Sat Mar 30 14:21:01 2019 [13868][1][FATAL] Custom Scheduler Called
Sat Mar 30 14:22:02 2019 [13875][1][FATAL] Sanchita Samrit
Sat Mar 30 14:23:01 2019 [13885][1][FATAL] Sanchita Samrit
Sat Mar 30 14:24:01 2019 [13896][1][FATAL] Sanchita Samrit
Sat Mar 30 14:25:02 2019 [13905][1][FATAL] Sanchita Samrit
Sat Mar 30 14:26:01 2019 [13912][1][FATAL] Sanchita Samrit
Sat Mar 30 14:27:02 2019 [13919][1][FATAL] Sanchita Samrit
Sat Mar 30 14:28:01 2019 [13929][1][FATAL] Sanchita Samrit
Sat Mar 30 14:29:01 2019 [13936][1][FATAL] Sanchita Samrit
Sat Mar 30 14:30:02 2019 [13945][1][FATAL] Sanchita Samrit
Sat Mar 30 14:31:01 2019 [13958][1][FATAL] Sanchita Samrit
Sat Mar 30 14:32:01 2019 [13973][1][FATAL] Sanchita Samrit
Sat Mar 30 14:33:01 2019 [13980][1][FATAL] Sanchita Samrit
Sat Mar 30 14:34:02 2019 [13987][1][FATAL] Sanchita Samrit
Sat Mar 30 14:35:01 2019 [13994][1][FATAL] Sanchita Samrit
Sat Mar 30 14:36:02 2019 [14001][1][FATAL] Sanchita Samrit
Sat Mar 30 14:37:01 2019 [14008][1][FATAL] Sanchita Samrit
Sat Mar 30 14:38:01 2019 [14015][1][FATAL] Sanchita Samrit
Sat Mar 30 14:39:02 2019 [14022][1][FATAL] Sanchita Samrit
Sat Mar 30 14:40:01 2019 [14031][1][FATAL] Sanchita Samrit
Sat Mar 30 14:41:02 2019 [14060][1][FATAL] Sanchita Samrit
Sat Mar 30 14:42:01 2019 [14067][1][FATAL] Sanchita Samrit
Sat Mar 30 14:43:01 2019 [14076][1][FATAL] Sanchita Samrit
Sat Mar 30 14:44:02 2019 [14084][1][FATAL] Sanchita Samrit
Wed Apr  3 15:45:50 2019 [1863][1][FATAL]  Query Failed: SELECT * FROM lead_and_opportunities_scoring where id='1': MySQL error 1146: Table 'SimpleCRMDB2.lead_and_opportunities_scoring' doesn't exist
Wed Apr  3 18:26:20 2019 [2525][1][FATAL]  Query Failed: SELECT * FROM lead_and_opportunities_scoring where id='1': MySQL error 1146: Table 'SimpleCRMDB2.lead_and_opportunities_scoring' doesn't exist
Wed Apr  3 18:27:35 2019 [2511][1][FATAL]  Query Failed: SELECT * FROM lead_and_opportunities_scoring where id='1': MySQL error 1146: Table 'SimpleCRMDB2.lead_and_opportunities_scoring' doesn't exist
